0 info it worked if it ends with ok
1 verbose cli [ '/usr/local/Cellar/node/4.1.0/bin/node',
1 verbose cli   '/usr/local/bin/npm',
1 verbose cli   'install',
1 verbose cli   'angular-drag-drop',
1 verbose cli   '--save' ]
2 info using npm@2.14.4
3 info using node@v4.1.0
4 verbose install initial load of /Users/jontaepierce/tiy/projects/happygame/package.json
5 warn package.json browserify-example@1.0.0 No repository field.
6 verbose installManyTop reading scoped package data from /Users/jontaepierce/tiy/projects/happygame/node_modules/angular/package.json
7 verbose installManyTop reading scoped package data from /Users/jontaepierce/tiy/projects/happygame/node_modules/angular-animate/package.json
8 verbose installManyTop reading scoped package data from /Users/jontaepierce/tiy/projects/happygame/node_modules/angular-aria/package.json
9 verbose installManyTop reading scoped package data from /Users/jontaepierce/tiy/projects/happygame/node_modules/angular-dragdrop/package.json
10 verbose installManyTop reading scoped package data from /Users/jontaepierce/tiy/projects/happygame/node_modules/angular-material/package.json
11 verbose installManyTop reading scoped package data from /Users/jontaepierce/tiy/projects/happygame/node_modules/angular-touch/package.json
12 verbose installManyTop reading scoped package data from /Users/jontaepierce/tiy/projects/happygame/node_modules/angular-ui-router/package.json
13 verbose installManyTop reading scoped package data from /Users/jontaepierce/tiy/projects/happygame/node_modules/babelify/package.json
14 verbose installManyTop reading scoped package data from /Users/jontaepierce/tiy/projects/happygame/node_modules/browserify/package.json
15 verbose installManyTop reading scoped package data from /Users/jontaepierce/tiy/projects/happygame/node_modules/chai/package.json
16 verbose installManyTop reading scoped package data from /Users/jontaepierce/tiy/projects/happygame/node_modules/font-awesome/package.json
17 verbose installManyTop reading scoped package data from /Users/jontaepierce/tiy/projects/happygame/node_modules/foundation-sites/package.json
18 verbose installManyTop reading scoped package data from /Users/jontaepierce/tiy/projects/happygame/node_modules/gulp/package.json
19 verbose installManyTop reading scoped package data from /Users/jontaepierce/tiy/projects/happygame/node_modules/gulp-htmlhint/package.json
20 verbose installManyTop reading scoped package data from /Users/jontaepierce/tiy/projects/happygame/node_modules/gulp-jscs/package.json
21 verbose installManyTop reading scoped package data from /Users/jontaepierce/tiy/projects/happygame/node_modules/gulp-jshint/package.json
22 verbose installManyTop reading scoped package data from /Users/jontaepierce/tiy/projects/happygame/node_modules/gulp-notify/package.json
23 verbose installManyTop reading scoped package data from /Users/jontaepierce/tiy/projects/happygame/node_modules/gulp-plumber/package.json
24 verbose installManyTop reading scoped package data from /Users/jontaepierce/tiy/projects/happygame/node_modules/gulp-sass/package.json
25 verbose installManyTop reading scoped package data from /Users/jontaepierce/tiy/projects/happygame/node_modules/gulp-server-livereload/package.json
26 verbose installManyTop reading scoped package data from /Users/jontaepierce/tiy/projects/happygame/node_modules/gulp-sourcemaps/package.json
27 verbose installManyTop reading scoped package data from /Users/jontaepierce/tiy/projects/happygame/node_modules/gulp-uglify/package.json
28 verbose installManyTop reading scoped package data from /Users/jontaepierce/tiy/projects/happygame/node_modules/gulp-watch/package.json
29 verbose installManyTop reading scoped package data from /Users/jontaepierce/tiy/projects/happygame/node_modules/jquery/package.json
30 verbose installManyTop reading scoped package data from /Users/jontaepierce/tiy/projects/happygame/node_modules/jquery-ui/package.json
31 verbose installManyTop reading scoped package data from /Users/jontaepierce/tiy/projects/happygame/node_modules/jshint-jsx/package.json
32 verbose installManyTop reading scoped package data from /Users/jontaepierce/tiy/projects/happygame/node_modules/jshint-stylish/package.json
33 verbose installManyTop reading scoped package data from /Users/jontaepierce/tiy/projects/happygame/node_modules/mocha/package.json
34 verbose installManyTop reading scoped package data from /Users/jontaepierce/tiy/projects/happygame/node_modules/moment/package.json
35 verbose installManyTop reading scoped package data from /Users/jontaepierce/tiy/projects/happygame/node_modules/node-bourbon/package.json
36 verbose installManyTop reading scoped package data from /Users/jontaepierce/tiy/projects/happygame/node_modules/node-font-awesome/package.json
37 verbose installManyTop reading scoped package data from /Users/jontaepierce/tiy/projects/happygame/node_modules/node-neat/package.json
38 verbose installManyTop reading scoped package data from /Users/jontaepierce/tiy/projects/happygame/node_modules/normalize.css/package.json
39 verbose installManyTop reading scoped package data from /Users/jontaepierce/tiy/projects/happygame/node_modules/uglifyify/package.json
40 verbose installManyTop reading scoped package data from /Users/jontaepierce/tiy/projects/happygame/node_modules/underscore/package.json
41 verbose installManyTop reading scoped package data from /Users/jontaepierce/tiy/projects/happygame/node_modules/vinyl-buffer/package.json
42 verbose installManyTop reading scoped package data from /Users/jontaepierce/tiy/projects/happygame/node_modules/vinyl-source-stream/package.json
43 verbose installManyTop reading scoped package data from /Users/jontaepierce/tiy/projects/happygame/node_modules/watchify/package.json
44 info package.json angular-ui-router@0.2.15 No license field.
45 info package.json angular-material@0.11.4 No license field.
46 info package.json foundation-sites@5.5.3 No license field.
47 info package.json gulp-notify@2.2.0 No license field.
48 info package.json jquery@2.1.4 No license field.
49 info package.json jquery-ui@1.10.5 No license field.
50 verbose readDependencies loading dependencies from /Users/jontaepierce/tiy/projects/happygame/package.json
51 silly cache add args [ 'angular-drag-drop', null ]
52 verbose cache add spec angular-drag-drop
53 silly cache add parsed spec Result {
53 silly cache add   raw: 'angular-drag-drop',
53 silly cache add   scope: null,
53 silly cache add   name: 'angular-drag-drop',
53 silly cache add   rawSpec: '',
53 silly cache add   spec: '*',
53 silly cache add   type: 'range' }
54 silly addNamed angular-drag-drop@*
55 verbose addNamed "*" is a valid semver range for angular-drag-drop
56 silly addNameRange { name: 'angular-drag-drop', range: '*', hasData: false }
57 silly mapToRegistry name angular-drag-drop
58 silly mapToRegistry using default registry
59 silly mapToRegistry registry https://registry.npmjs.org/
60 silly mapToRegistry uri https://registry.npmjs.org/angular-drag-drop
61 verbose addNameRange registry:https://registry.npmjs.org/angular-drag-drop not in flight; fetching
62 verbose request uri https://registry.npmjs.org/angular-drag-drop
63 verbose request no auth needed
64 info attempt registry request try #1 at 3:11:41 PM
65 verbose request id b6022f3d90fbc8e9
66 http request GET https://registry.npmjs.org/angular-drag-drop
67 http 404 https://registry.npmjs.org/angular-drag-drop
68 verbose headers { 'content-type': 'application/json',
68 verbose headers   'cache-control': 'max-age=0',
68 verbose headers   'content-length': '2',
68 verbose headers   'accept-ranges': 'bytes',
68 verbose headers   date: 'Sat, 14 Nov 2015 20:11:41 GMT',
68 verbose headers   via: '1.1 varnish',
68 verbose headers   age: '0',
68 verbose headers   connection: 'keep-alive',
68 verbose headers   'x-served-by': 'cache-iad2134-IAD',
68 verbose headers   'x-cache': 'MISS',
68 verbose headers   'x-cache-hits': '0',
68 verbose headers   'x-timer': 'S1447531901.829791,VS0,VE92' }
69 silly get cb [ 404,
69 silly get   { 'content-type': 'application/json',
69 silly get     'cache-control': 'max-age=0',
69 silly get     'content-length': '2',
69 silly get     'accept-ranges': 'bytes',
69 silly get     date: 'Sat, 14 Nov 2015 20:11:41 GMT',
69 silly get     via: '1.1 varnish',
69 silly get     age: '0',
69 silly get     connection: 'keep-alive',
69 silly get     'x-served-by': 'cache-iad2134-IAD',
69 silly get     'x-cache': 'MISS',
69 silly get     'x-cache-hits': '0',
69 silly get     'x-timer': 'S1447531901.829791,VS0,VE92' } ]
70 verbose stack Error: Registry returned 404 for GET on https://registry.npmjs.org/angular-drag-drop
70 verbose stack     at makeError (/usr/local/lib/node_modules/npm/node_modules/npm-registry-client/lib/request.js:263:12)
70 verbose stack     at CachingRegistryClient.<anonymous> (/usr/local/lib/node_modules/npm/node_modules/npm-registry-client/lib/request.js:241:14)
70 verbose stack     at Request._callback (/usr/local/lib/node_modules/npm/node_modules/npm-registry-client/lib/request.js:171:14)
70 verbose stack     at Request.self.callback (/usr/local/lib/node_modules/npm/node_modules/request/request.js:198:22)
70 verbose stack     at emitTwo (events.js:87:13)
70 verbose stack     at Request.emit (events.js:172:7)
70 verbose stack     at Request.<anonymous> (/usr/local/lib/node_modules/npm/node_modules/request/request.js:1073:14)
70 verbose stack     at emitOne (events.js:82:20)
70 verbose stack     at Request.emit (events.js:169:7)
70 verbose stack     at IncomingMessage.<anonymous> (/usr/local/lib/node_modules/npm/node_modules/request/request.js:1019:12)
71 verbose statusCode 404
72 verbose pkgid angular-drag-drop
73 verbose cwd /Users/jontaepierce/tiy/projects/happygame
74 error Darwin 14.5.0
75 error argv "/usr/local/Cellar/node/4.1.0/bin/node" "/usr/local/bin/npm" "install" "angular-drag-drop" "--save"
76 error node v4.1.0
77 error npm  v2.14.4
78 error code E404
79 error 404 Registry returned 404 for GET on https://registry.npmjs.org/angular-drag-drop
79 error 404
79 error 404 'angular-drag-drop' is not in the npm registry.
79 error 404 You should bug the author to publish it (or use the name yourself!)
79 error 404 It was specified as a dependency of 'browserify-example'
79 error 404
79 error 404 Note that you can also install from a
79 error 404 tarball, folder, http url, or git url.
80 verbose exit [ 1, true ]
